<?xml version="1.0" encoding="UTF-8"?>
<!-- Generated by org.testng.reporters.JUnitXMLReporter -->
<testsuite ignored="0" hostname="DESKTOP-CI731R6" failures="0" tests="3" name="Test" time="48.88" errors="0" timestamp="2023-03-24T23:33:28 IST">
  <testcase classname="testCases.Tc_005_Blog" name="get_BlogTitle" time="8.476"/>
  <testcase classname="testCases.TC_004_Title" name="get_Title" time="4.037"/>
  <testcase classname="testCases.Tc_006_Feature" name="feature" time="8.824"/>
</testsuite> <!-- Test -->
