<?xml version="1.0" encoding="UTF-8"?>
<testng-results ignored="0" total="1" passed="1" failed="0" skipped="0">
  <reporter-output>
  </reporter-output>
  <suite started-at="2023-03-24T22:18:18 IST" name="Default suite" finished-at="2023-03-24T22:18:37 IST" duration-ms="19440">
    <groups>
      <group name="Master">
        <method signature="Tc_006_Feature.feature()[pri:0, instance:testCases.Tc_006_Feature@71a8adcf]" name="feature" class="testCases.Tc_006_Feature"/>
      </group> <!-- Master -->
    </groups>
    <test started-at="2023-03-24T22:18:18 IST" name="Default test" finished-at="2023-03-24T22:18:37 IST" duration-ms="19440">
      <class name="testCases.Tc_006_Feature">
        <test-method is-config="true" signature="setUp()[pri:0, instance:testCases.Tc_006_Feature@71a8adcf]" started-at="2023-03-24T22:18:18 IST" name="setUp" finished-at="2023-03-24T22:18:27 IST" duration-ms="8923" status="PASS">
          <reporter-output>
          </reporter-output>
        </test-method> <!-- setUp -->
        <test-method signature="feature()[pri:0, instance:testCases.Tc_006_Feature@71a8adcf]" started-at="2023-03-24T22:18:27 IST" name="feature" finished-at="2023-03-24T22:18:37 IST" duration-ms="9757" status="PASS">
          <reporter-output>
          </reporter-output>
        </test-method> <!-- feature -->
        <test-method is-config="true" signature="teardown()[pri:0, instance:testCases.Tc_006_Feature@71a8adcf]" started-at="2023-03-24T22:18:37 IST" name="teardown" finished-at="2023-03-24T22:18:37 IST" duration-ms="697" status="PASS">
          <reporter-output>
          </reporter-output>
        </test-method> <!-- teardown -->
      </class> <!-- testCases.Tc_006_Feature -->
    </test> <!-- Default test -->
  </suite> <!-- Default suite -->
</testng-results>
